This is pdfTeX, Version 3.14159265-2.6-1.40.19 (TeX Live 2018/Arch Linux) (preloaded format=pdflatex 2019.4.29)  11 JUN 2019 10:22
entering extended mode
 restricted \write18 enabled.
 file:line:error style messages enabled.
 %&-line parsing enabled.
**notas.tex
(./notas.tex
LaTeX2e <2018-12-01>
(/usr/share/texmf-dist/tex/latex/base/article.cls
Document Class: article 2018/09/03 v1.4i Standard LaTeX document class
(/usr/share/texmf-dist/tex/latex/base/size10.clo
File: size10.clo 2018/09/03 v1.4i Standard LaTeX file (size option)
)
\c@part=\count80
\c@section=\count81
\c@subsection=\count82
\c@subsubsection=\count83
\c@paragraph=\count84
\c@subparagraph=\count85
\c@figure=\count86
\c@table=\count87
\abovecaptionskip=\skip41
\belowcaptionskip=\skip42
\bibindent=\dimen102
)
(/usr/share/texmf-dist/tex/latex/geometry/geometry.sty
Package: geometry 2018/04/16 v5.8 Page Geometry

(/usr/share/texmf-dist/tex/latex/graphics/keyval.sty
Package: keyval 2014/10/28 v1.15 key=value parser (DPC)
\KV@toks@=\toks14
)
(/usr/share/texmf-dist/tex/generic/oberdiek/ifpdf.sty
Package: ifpdf 2018/09/07 v3.3 Provides the ifpdf switch
)
(/usr/share/texmf-dist/tex/generic/oberdiek/ifvtex.sty
Package: ifvtex 2016/05/16 v1.6 Detect VTeX and its facilities (HO)
Package ifvtex Info: VTeX not detected.
)
(/usr/share/texmf-dist/tex/generic/ifxetex/ifxetex.sty
Package: ifxetex 2010/09/12 v0.6 Provides ifxetex conditional
)
\Gm@cnth=\count88
\Gm@cntv=\count89
\c@Gm@tempcnt=\count90
\Gm@bindingoffset=\dimen103
\Gm@wd@mp=\dimen104
\Gm@odd@mp=\dimen105
\Gm@even@mp=\dimen106
\Gm@layoutwidth=\dimen107
\Gm@layoutheight=\dimen108
\Gm@layouthoffset=\dimen109
\Gm@layoutvoffset=\dimen110
\Gm@dimlist=\toks15
)
(/usr/share/texmf-dist/tex/latex/amsfonts/amsfonts.sty
Package: amsfonts 2013/01/14 v3.01 Basic AMSFonts support
\@emptytoks=\toks16
\symAMSa=\mathgroup4
\symAMSb=\mathgroup5
LaTeX Font Info:    Overwriting math alphabet `\mathfrak' in version `bold'
(Font)                  U/euf/m/n --> U/euf/b/n on input line 106.
)
(/usr/share/texmf-dist/tex/latex/base/inputenc.sty
Package: inputenc 2018/08/11 v1.3c Input encoding file
\inpenc@prehook=\toks17
\inpenc@posthook=\toks18
)
(/usr/share/texmf-dist/tex/generic/babel/babel.sty
Package: babel 2018/11/13 3.27 The Babel package

(/usr/share/texmf-dist/tex/generic/babel/switch.def
File: switch.def 2018/11/13 3.27 Babel switching mechanism
)
(/usr/share/texmf-dist/tex/generic/babel-portuges/portuges.ldf
Language: portuges 2008/03/18 v1.2q Portuguese support from the babel system

(/usr/share/texmf-dist/tex/generic/babel/babel.def
File: babel.def 2018/11/13 3.27 Babel common definitions
\babel@savecnt=\count91
\U@D=\dimen111

(/usr/share/texmf-dist/tex/generic/babel/txtbabel.def)
\bbl@dirlevel=\count92
)
\l@brazil = a dialect from \language\l@portuges 
Package babel Info: Making " an active character on input line 145.
))
(/usr/share/texmf-dist/tex/latex/epigraph/epigraph.sty
Package: epigraph 2009/09/02 v1.5c typesetting epigraphs
\beforeepigraphskip=\skip43
\afterepigraphskip=\skip44
\epigraphwidth=\skip45
\epigraphrule=\skip46
)
(/usr/share/texmf-dist/tex/latex/graphics/color.sty
Package: color 2016/07/10 v1.1e Standard LaTeX Color (DPC)

(/usr/share/texmf-dist/tex/latex/graphics-cfg/color.cfg
File: color.cfg 2016/01/02 v1.6 sample color configuration
)
Package color Info: Driver file: pdftex.def on input line 147.

(/usr/share/texmf-dist/tex/latex/graphics-def/pdftex.def
File: pdftex.def 2018/01/08 v1.0l Graphics/color driver for pdftex
))
(/usr/share/texmf-dist/tex/latex/xcolor/xcolor.sty
Package: xcolor 2016/05/11 v2.12 LaTeX color extensions (UK)

(/usr/share/texmf-dist/tex/latex/graphics-cfg/color.cfg
File: color.cfg 2016/01/02 v1.6 sample color configuration
)
Package xcolor Info: Driver file: pdftex.def on input line 225.
LaTeX Info: Redefining \color on input line 709.
Package xcolor Info: Model `cmy' substituted by `cmy0' on input line 1348.
Package xcolor Info: Model `hsb' substituted by `rgb' on input line 1352.
Package xcolor Info: Model `RGB' extended on input line 1364.
Package xcolor Info: Model `HTML' substituted by `rgb' on input line 1366.
Package xcolor Info: Model `Hsb' substituted by `hsb' on input line 1367.
Package xcolor Info: Model `tHsb' substituted by `hsb' on input line 1368.
Package xcolor Info: Model `HSB' substituted by `hsb' on input line 1369.
Package xcolor Info: Model `Gray' substituted by `gray' on input line 1370.
Package xcolor Info: Model `wave' substituted by `hsb' on input line 1371.
)
(/usr/share/texmf-dist/tex/latex/listings/listings.sty
\lst@mode=\count93
\lst@gtempboxa=\box27
\lst@token=\toks19
\lst@length=\count94
\lst@currlwidth=\dimen112
\lst@column=\count95
\lst@pos=\count96
\lst@lostspace=\dimen113
\lst@width=\dimen114
\lst@newlines=\count97
\lst@lineno=\count98
\lst@maxwidth=\dimen115

(/usr/share/texmf-dist/tex/latex/listings/lstmisc.sty
File: lstmisc.sty 2018/09/02 1.7 (Carsten Heinz)
\c@lstnumber=\count99
\lst@skipnumbers=\count100
\lst@framebox=\box28
)
(/usr/share/texmf-dist/tex/latex/listings/listings.cfg
File: listings.cfg 2018/09/02 1.7 listings configuration
))
Package: listings 2018/09/02 1.7 (Carsten Heinz)

(/usr/share/texmf-dist/tex/latex/hyperref/hyperref.sty
Package: hyperref 2018/11/30 v6.88e Hypertext links for LaTeX

(/usr/share/texmf-dist/tex/generic/oberdiek/hobsub-hyperref.sty
Package: hobsub-hyperref 2016/05/16 v1.14 Bundle oberdiek, subset hyperref (HO)


(/usr/share/texmf-dist/tex/generic/oberdiek/hobsub-generic.sty
Package: hobsub-generic 2016/05/16 v1.14 Bundle oberdiek, subset generic (HO)
Package: hobsub 2016/05/16 v1.14 Construct package bundles (HO)
Package: infwarerr 2016/05/16 v1.4 Providing info/warning/error messages (HO)
Package: ltxcmds 2016/05/16 v1.23 LaTeX kernel commands for general use (HO)
Package: ifluatex 2016/05/16 v1.4 Provides the ifluatex switch (HO)
Package ifluatex Info: LuaTeX not detected.
Package hobsub Info: Skipping package `ifvtex' (already loaded).
Package: intcalc 2016/05/16 v1.2 Expandable calculations with integers (HO)
Package hobsub Info: Skipping package `ifpdf' (already loaded).
Package: etexcmds 2016/05/16 v1.6 Avoid name clashes with e-TeX commands (HO)
Package etexcmds Info: Could not find \expanded.
(etexcmds)             That can mean that you are not using pdfTeX 1.50 or
(etexcmds)             that some package has redefined \expanded.
(etexcmds)             In the latter case, load this package earlier.
Package: kvsetkeys 2016/05/16 v1.17 Key value parser (HO)
Package: kvdefinekeys 2016/05/16 v1.4 Define keys (HO)
Package: pdftexcmds 2018/09/10 v0.29 Utility functions of pdfTeX for LuaTeX (HO
)
Package pdftexcmds Info: LuaTeX not detected.
Package pdftexcmds Info: \pdf@primitive is available.
Package pdftexcmds Info: \pdf@ifprimitive is available.
Package pdftexcmds Info: \pdfdraftmode found.
Package: pdfescape 2016/05/16 v1.14 Implements pdfTeX's escape features (HO)
Package: bigintcalc 2016/05/16 v1.4 Expandable calculations on big integers (HO
)
Package: bitset 2016/05/16 v1.2 Handle bit-vector datatype (HO)
Package: uniquecounter 2016/05/16 v1.3 Provide unlimited unique counter (HO)
)
Package hobsub Info: Skipping package `hobsub' (already loaded).
Package: letltxmacro 2016/05/16 v1.5 Let assignment for LaTeX macros (HO)
Package: hopatch 2016/05/16 v1.3 Wrapper for package hooks (HO)
Package: xcolor-patch 2016/05/16 xcolor patch
Package: atveryend 2016/05/16 v1.9 Hooks at the very end of document (HO)
Package atveryend Info: \enddocument detected (standard20110627).
Package: atbegshi 2016/06/09 v1.18 At begin shipout hook (HO)
Package: refcount 2016/05/16 v3.5 Data extraction from label references (HO)
Package: hycolor 2016/05/16 v1.8 Color options for hyperref/bookmark (HO)
)
(/usr/share/texmf-dist/tex/latex/oberdiek/auxhook.sty
Package: auxhook 2016/05/16 v1.4 Hooks for auxiliary files (HO)
)
(/usr/share/texmf-dist/tex/latex/oberdiek/kvoptions.sty
Package: kvoptions 2016/05/16 v3.12 Key value format for package options (HO)
)
\@linkdim=\dimen116
\Hy@linkcounter=\count101
\Hy@pagecounter=\count102

(/usr/share/texmf-dist/tex/latex/hyperref/pd1enc.def
File: pd1enc.def 2018/11/30 v6.88e Hyperref: PDFDocEncoding definition (HO)
Now handling font encoding PD1 ...
... no UTF-8 mapping file for font encoding PD1
)
\Hy@SavedSpaceFactor=\count103

(/usr/share/texmf-dist/tex/latex/latexconfig/hyperref.cfg
File: hyperref.cfg 2002/06/06 v1.2 hyperref configuration of TeXLive
)
Package hyperref Info: Hyper figures OFF on input line 4519.
Package hyperref Info: Link nesting OFF on input line 4524.
Package hyperref Info: Hyper index ON on input line 4527.
Package hyperref Info: Plain pages OFF on input line 4534.
Package hyperref Info: Backreferencing OFF on input line 4539.
Package hyperref Info: Implicit mode ON; LaTeX internals redefined.
Package hyperref Info: Bookmarks ON on input line 4772.
\c@Hy@tempcnt=\count104

(/usr/share/texmf-dist/tex/latex/url/url.sty
\Urlmuskip=\muskip10
Package: url 2013/09/16  ver 3.4  Verb mode for urls, etc.
)
LaTeX Info: Redefining \url on input line 5125.
\XeTeXLinkMargin=\dimen117
\Fld@menulength=\count105
\Field@Width=\dimen118
\Fld@charsize=\dimen119
Package hyperref Info: Hyper figures OFF on input line 6380.
Package hyperref Info: Link nesting OFF on input line 6385.
Package hyperref Info: Hyper index ON on input line 6388.
Package hyperref Info: backreferencing OFF on input line 6395.
Package hyperref Info: Link coloring OFF on input line 6400.
Package hyperref Info: Link coloring with OCG OFF on input line 6405.
Package hyperref Info: PDF/A mode OFF on input line 6410.
LaTeX Info: Redefining \ref on input line 6450.
LaTeX Info: Redefining \pageref on input line 6454.
\Hy@abspage=\count106
\c@Item=\count107
\c@Hfootnote=\count108
)
Package hyperref Info: Driver (autodetected): hpdftex.

(/usr/share/texmf-dist/tex/latex/hyperref/hpdftex.def
File: hpdftex.def 2018/11/30 v6.88e Hyperref driver for pdfTeX
\Fld@listcount=\count109
\c@bookmark@seq@number=\count110

(/usr/share/texmf-dist/tex/latex/oberdiek/rerunfilecheck.sty
Package: rerunfilecheck 2016/05/16 v1.8 Rerun checks for auxiliary files (HO)
Package uniquecounter Info: New unique counter `rerunfilecheck' on input line 2
82.
)
\Hy@SectionHShift=\skip47
)
Package hyperref Info: Option `colorlinks' set `true' on input line 35.
\c@exercicio=\count111
 (./notas.aux)
\openout1 = `notas.aux'.

LaTeX Font Info:    Checking defaults for OML/cmm/m/it on input line 39.
LaTeX Font Info:    ... okay on input line 39.
LaTeX Font Info:    Checking defaults for T1/cmr/m/n on input line 39.
LaTeX Font Info:    ... okay on input line 39.
LaTeX Font Info:    Checking defaults for OT1/cmr/m/n on input line 39.
LaTeX Font Info:    ... okay on input line 39.
LaTeX Font Info:    Checking defaults for OMS/cmsy/m/n on input line 39.
LaTeX Font Info:    ... okay on input line 39.
LaTeX Font Info:    Checking defaults for OMX/cmex/m/n on input line 39.
LaTeX Font Info:    ... okay on input line 39.
LaTeX Font Info:    Checking defaults for U/cmr/m/n on input line 39.
LaTeX Font Info:    ... okay on input line 39.
LaTeX Font Info:    Checking defaults for PD1/pdf/m/n on input line 39.
LaTeX Font Info:    ... okay on input line 39.

*geometry* driver: auto-detecting
*geometry* detected driver: pdftex
*geometry* verbose mode - [ preamble ] result:
* driver: pdftex
* paper: a4paper
* layout: <same size as paper>
* layoutoffset:(h,v)=(0.0pt,0.0pt)
* modes: 
* h-part:(L,W,R)=(93.95122pt, 409.60544pt, 93.95122pt)
* v-part:(T,H,B)=(93.95122pt, 657.14441pt, 93.95122pt)
* \paperwidth=597.50787pt
* \paperheight=845.04684pt
* \textwidth=409.60544pt
* \textheight=657.14441pt
* \oddsidemargin=21.68123pt
* \evensidemargin=21.68123pt
* \topmargin=-15.31877pt
* \headheight=12.0pt
* \headsep=25.0pt
* \topskip=10.0pt
* \footskip=30.0pt
* \marginparwidth=57.0pt
* \marginparsep=11.0pt
* \columnsep=10.0pt
* \skip\footins=9.0pt plus 4.0pt minus 2.0pt
* \hoffset=0.0pt
* \voffset=0.0pt
* \mag=1000
* \@twocolumnfalse
* \@twosidefalse
* \@mparswitchfalse
* \@reversemarginfalse
* (1in=72.27pt=25.4mm, 1cm=28.453pt)

(/usr/share/texmf-dist/tex/context/base/mkii/supp-pdf.mkii
[Loading MPS to PDF converter (version 2006.09.02).]
\scratchcounter=\count112
\scratchdimen=\dimen120
\scratchbox=\box29
\nofMPsegments=\count113
\nofMParguments=\count114
\everyMPshowfont=\toks20
\MPscratchCnt=\count115
\MPscratchDim=\dimen121
\MPnumerator=\count116
\makeMPintoPDFobject=\count117
\everyMPtoPDFconversion=\toks21
)
\c@lstlisting=\count118
\AtBeginShipoutBox=\box30
Package hyperref Info: Link coloring ON on input line 39.
 (/usr/share/texmf-dist/tex/latex/hyperref/nameref.sty
Package: nameref 2016/05/21 v2.44 Cross-referencing by name of section

(/usr/share/texmf-dist/tex/generic/oberdiek/gettitlestring.sty
Package: gettitlestring 2016/05/16 v1.5 Cleanup title references (HO)
)
\c@section@level=\count119
)
LaTeX Info: Redefining \ref on input line 39.
LaTeX Info: Redefining \pageref on input line 39.
LaTeX Info: Redefining \nameref on input line 39.
 (./notas.out)
(./notas.out)
\@outlinefile=\write3
\openout3 = `notas.out'.

LaTeX Font Info:    Try loading font information for U+msa on input line 45.
 (/usr/share/texmf-dist/tex/latex/amsfonts/umsa.fd
File: umsa.fd 2013/01/14 v3.01 AMS symbols A
)
LaTeX Font Info:    Try loading font information for U+msb on input line 45.

(/usr/share/texmf-dist/tex/latex/amsfonts/umsb.fd
File: umsb.fd 2013/01/14 v3.01 AMS symbols B
) (./notas.toc [1

{/var/lib/texmf/fonts/map/pdftex/updmap/pdftex.map}])
\tf@toc=\write4
\openout4 = `notas.toc'.

 [2]
(/usr/share/texmf-dist/tex/latex/listings/lstlang1.sty
File: lstlang1.sty 2018/09/02 1.7 listings language file
)
(/usr/share/texmf-dist/tex/latex/listings/lstlang1.sty
File: lstlang1.sty 2018/09/02 1.7 listings language file
)
LaTeX Font Info:    Try loading font information for OMS+cmr on input line 108.


(/usr/share/texmf-dist/tex/latex/base/omscmr.fd
File: omscmr.fd 2014/09/29 v2.5h Standard LaTeX font definitions
)
LaTeX Font Info:    Font shape `OMS/cmr/m/n' in size <10> not available
(Font)              Font shape `OMS/cmsy/m/n' tried instead on input line 108.
 [3]
(/usr/share/texmf-dist/tex/latex/listings/lstlang1.sty
File: lstlang1.sty 2018/09/02 1.7 listings language file
)
(/usr/share/texmf-dist/tex/latex/listings/lstlang2.sty
File: lstlang2.sty 2018/09/02 1.7 listings language file
)
LaTeX Font Info:    Font shape `OT1/cmtt/bx/n' in size <8> not available
(Font)              Font shape `OT1/cmtt/m/n' tried instead on input line 131.
 [4] [5] [6] [7]
Overfull \hbox (5.7702pt too wide) in paragraph at lines 414--415
[]\OT1/cmr/m/it/10 Implemente a fun^^Xc~ao \OT1/cmtt/m/n/10 isSubsequenceOf :: 
Eq a => [a] -> [a] -> Bool\OT1/cmr/m/it/10 , que
 []

[8] [9]
Overfull \hbox (4.00925pt too wide) in paragraph at lines 487--488
[]\OT1/cmr/m/it/10 Implemente a fun^^Xc~ao \OT1/cmtt/m/n/10 insertionSort :: Or
d a => [a] -> [a]\OT1/cmr/m/it/10 , que toma uma
 []

[10] [11] [12] [13] [14] [15] [16] [17] [18] [19]
Overfull \hbox (5.49811pt too wide) in paragraph at lines 1097--1100
[]\OT1/cmr/m/it/10 Escreva a fun^^Xc~ao \OT1/cmtt/m/n/10 breadth :: BSTree k v 
-> [(k, v)] \OT1/cmr/m/it/10 que, dada uma ^^Sarvore
 []

[20]
Overfull \hbox (0.25577pt too wide) in paragraph at lines 1141--1142
[]\OT1/cmr/m/n/10 Vamos de-fi-nir nossa es-tru-tura de da-dos no ar-quivo \OT1/
cmtt/m/n/10 SeqTree.hs\OT1/cmr/m/n/10 , que ter^^Sa o se-guinte conte^^Sudo
 []

[21]
Overfull \hbox (0.92299pt too wide) in paragraph at lines 1220--1222
\OT1/cmr/m/n/10 Va-mos fa-zer isso per-mi-tindo a in-ser^^Xc~ao de ele-men-tos 
ape-nas ap^^Sos o ^^Sultimo ele-mento da sequ^encia
 []

[22] [23] [24]
Overfull \hbox (13.80005pt too wide) in paragraph at lines 1388--1396
\OT1/cmr/m/n/10 do que se di-gita no te-clado, ele n~ao ^^Se con-si-de-rada pur
o. A fun^^Xc~ao []
 []

[25] [26] [27] [28]
Overfull \hbox (5.19054pt too wide) in paragraph at lines 1630--1633
[]\OT1/cmr/m/it/10 A fun^^Xc~ao \OT1/cmtt/m/n/10 mergeAll \OT1/cmr/m/it/10 po-d
e-ria ser de-fi-nida como \OT1/cmtt/m/n/10 mergeAll = foldl merge Empty\OT1/cmr
/m/it/10 .
 []

[29] [30] [31] [32]
LaTeX Font Info:    Font shape `OT1/cmtt/bx/n' in size <12> not available
(Font)              Font shape `OT1/cmtt/m/n' tried instead on input line 1922.

 [33] [34]
Overfull \hbox (6.14467pt too wide) in paragraph at lines 2065--2067
[]\OT1/cmr/m/n/10 Enquanto inst^ancia de \OT1/cmtt/m/n/10 Applicative\OT1/cmr/m
/n/10 , o tipo lista re-pre-senta com-puta^^Xc~oes n~ao-determin^^S^^Psticas.
 []

[35]
Overfull \hbox (6.27022pt too wide) in paragraph at lines 2115--2116
[]\OT1/cmr/m/it/10 Implemente a fun^^Xc~ao \OT1/cmtt/m/n/10 sequenceA :: Applic
ative f => [f a] -> f [a]\OT1/cmr/m/it/10 , que
 []

[36] [37] [38] [39] [40] [41] [42] [43] [44] [45] [46] [47]
Overfull \hbox (6.5951pt too wide) in paragraph at lines 2869--2870
[]\OT1/cmr/m/it/10 De forma si-mi-lar a \OT1/cmtt/m/n/10 foldl :: (b -> a -> b)
 -> b -> [a] -> b\OT1/cmr/m/it/10 , im-ple-mente
 []

[48] [49]
Overfull \hbox (18.71759pt too wide) in paragraph at lines 2973--2975
\OT1/cmr/m/n/10 sul-ta-dos pro-du-zi-dos pela fun^^Xc~ao mon^^Sadica. A de-fini
^^Xc~ao que se-gue deve ser es-crita em \OT1/cmtt/m/n/10 Functions.hs\OT1/cmr/m
/n/10 . 
 []

[50] [51] [52] [53] [54] [55] [56] [57]
Overfull \hbox (22.06012pt too wide) in paragraph at lines 3472--3474
[]\OT1/cmr/m/n/10 Escreva a fun^^Xc~ao \OT1/cmtt/m/n/10 count :: Eq a => a -> [
a] -> Int\OT1/cmr/m/n/10 , que re-torna o n^^Sumero de ocorr^encias
 []

[58]
Overfull \hbox (2.6329pt too wide) in paragraph at lines 3532--3535
\OT1/cmr/m/n/10 lente a \OT1/cmtt/m/n/10 groupBy (==)\OT1/cmr/m/n/10 . Im-ple-m
ente \OT1/cmtt/m/n/10 groupBy :: (a -> a -> Bool) -> [a] -> [[a]]\OT1/cmr/m/n/1
0 . 
 []

[59]
Overfull \hbox (9.03226pt too wide) in paragraph at lines 3576--3579
[]\OT1/cmr/m/n/10 Escreva a fun^^Xc~ao \OT1/cmtt/m/n/10 remove :: Eq a => a -> 
[a] -> [a]\OT1/cmr/m/n/10 , que re-move to-das as ocorr^encias
 []


Overfull \hbox (3.91026pt too wide) in paragraph at lines 3579--3582
\OT1/cmtt/m/n/10 [0, 1, 2, 0, 2, 5, 7, 0, 0, 0, 3, 0] == [[1, 2], [2, 5, 7], [3
]]\OT1/cmr/m/n/10 . As fun^^Xc~oes
 []


Overfull \hbox (0.25403pt too wide) in paragraph at lines 3586--3589
[]\OT1/cmr/m/n/10 Escreva a fun^^Xc~ao \OT1/cmtt/m/n/10 count :: [[Char]] -> BS
T.BSTree [Char] Int \OT1/cmr/m/n/10 que, dada uma lista
 []

[60] [61] [62] [63] [64] [65]
Overfull \hbox (20.27461pt too wide) in paragraph at lines 3973--3976
\OT1/cmr/m/n/10 sub-sequ^encia cres-cente dessa sequ^encia. Por exem-plo, dada 
a sequ^encia $10\OML/cmm/m/it/10 ; \OT1/cmr/m/n/10 22\OML/cmm/m/it/10 ; \OT1/cm
r/m/n/10 9\OML/cmm/m/it/10 ; \OT1/cmr/m/n/10 33\OML/cmm/m/it/10 ; \OT1/cmr/m/n/
10 21\OML/cmm/m/it/10 ; \OT1/cmr/m/n/10 50\OML/cmm/m/it/10 ; \OT1/cmr/m/n/10 41
\OML/cmm/m/it/10 ; \OT1/cmr/m/n/10 60\OML/cmm/m/it/10 ; \OT1/cmr/m/n/10 80$,
 []

[66]
Overfull \hbox (3.50371pt too wide) in paragraph at lines 4005--4006
[][][][][][][][][][][][][][][][][][][][][][][][][][][][][][][][][][][][][][][] 

 []


Overfull \hbox (12.14333pt too wide) in paragraph at lines 4022--4023
[]\OT1/cmr/m/n/10 O ob-je-tivo fi-nal desse la-bo-rat^^Sorio ^^Se re-es-cre-ver
 \OT1/cmtt/m/n/10 lis \OT1/cmr/m/n/10 de forma que \OT1/cmtt/m/n/10 s \OT1/cmr/
m/n/10 te-nha as-si-na-tura [],
 []

[67]
Overfull \hbox (2.85727pt too wide) in paragraph at lines 4106--4111
[]\OT1/cmr/m/n/10 Por fim, crie dois aut^omatos, uti-li-zando o ar-ca-bou^^Xco 
aqui de-sen-vol-vido. O pri-meiro aut^omato
 []

[68] [69] [70]
Overfull \hbox (12.06143pt too wide) in paragraph at lines 4279--4283
[]\OT1/cmr/m/n/10 Com isso, po-de-mos subs-ti-tuir cada pa-la-vra do ar-quivo p
ela co-di-fica^^Xc~ao dada pela \OT1/cmtt/m/n/10 HuffmanTree\OT1/cmr/m/n/10 .
 []

[71] [72]
Package atveryend Info: Empty hook `BeforeClearDocument' on input line 4419.
 [73]
Package atveryend Info: Empty hook `AfterLastShipout' on input line 4419.
 (./notas.aux)
Package atveryend Info: Executing hook `AtVeryEndDocument' on input line 4419.
Package atveryend Info: Executing hook `AtEndAfterFileList' on input line 4419.

Package rerunfilecheck Info: File `notas.out' has not changed.
(rerunfilecheck)             Checksum: F1DAFFD378BC92E2F03ED796690391D8;2865.
Package atveryend Info: Empty hook `AtVeryVeryEnd' on input line 4419.
 ) 
Here is how much of TeX's memory you used:
 10702 strings out of 492616
 150193 string characters out of 6135177
 440335 words of memory out of 5000000
 12763 multiletter control sequences out of 15000+600000
 15079 words of font info for 59 fonts, out of 8000000 for 9000
 1141 hyphenation exceptions out of 8191
 33i,6n,51p,524b,1946s stack positions out of 5000i,500n,10000p,200000b,80000s
</usr/share/texmf-dist/fonts/type1/public/amsfonts/cm/cmbx10.pfb></usr/share/
texmf-dist/fonts/type1/public/amsfonts/cm/cmbx12.pfb></usr/share/texmf-dist/fon
ts/type1/public/amsfonts/cm/cmbx9.pfb></usr/share/texmf-dist/fonts/type1/public
/amsfonts/cm/cmbxti10.pfb></usr/share/texmf-dist/fonts/type1/public/amsfonts/cm
/cmex10.pfb></usr/share/texmf-dist/fonts/type1/public/amsfonts/cm/cmitt10.pfb><
/usr/share/texmf-dist/fonts/type1/public/amsfonts/cm/cmmi10.pfb></usr/share/tex
mf-dist/fonts/type1/public/amsfonts/cm/cmmi7.pfb></usr/share/texmf-dist/fonts/t
ype1/public/amsfonts/cm/cmr10.pfb></usr/share/texmf-dist/fonts/type1/public/ams
fonts/cm/cmr12.pfb></usr/share/texmf-dist/fonts/type1/public/amsfonts/cm/cmr17.
pfb></usr/share/texmf-dist/fonts/type1/public/amsfonts/cm/cmr7.pfb></usr/share/
texmf-dist/fonts/type1/public/amsfonts/cm/cmr9.pfb></usr/share/texmf-dist/fonts
/type1/public/amsfonts/cm/cmsy10.pfb></usr/share/texmf-dist/fonts/type1/public/
amsfonts/cm/cmsy7.pfb></usr/share/texmf-dist/fonts/type1/public/amsfonts/cm/cmt
i10.pfb></usr/share/texmf-dist/fonts/type1/public/amsfonts/cm/cmti9.pfb></usr/s
hare/texmf-dist/fonts/type1/public/amsfonts/cm/cmtt10.pfb></usr/share/texmf-dis
t/fonts/type1/public/amsfonts/cm/cmtt12.pfb></usr/share/texmf-dist/fonts/type1/
public/amsfonts/cm/cmtt8.pfb></usr/share/texmf-dist/fonts/type1/public/amsfonts
/symbols/msbm10.pfb>
Output written on notas.pdf (73 pages, 613530 bytes).
PDF statistics:
 2696 PDF objects out of 2984 (max. 8388607)
 2574 compressed objects within 26 object streams
 1759 named destinations out of 2073 (max. 500000)
 337 words of extra memory for PDF output out of 10000 (max. 10000000)

