\BOOKMARK [1][-]{section.1}{Interpola\347\365es polinomiais}{}% 1
\BOOKMARK [2][-]{subsection.1.1}{Polin\364mio de Lagrange}{section.1}% 2
\BOOKMARK [2][-]{subsection.1.2}{Polin\364mio de Taylor}{section.1}% 3
\BOOKMARK [1][-]{section.2}{Zeros de fun\347\365es}{}% 4
\BOOKMARK [2][-]{subsection.2.1}{M\351todo da posi\347\343o falsa}{section.2}% 5
\BOOKMARK [2][-]{subsection.2.2}{M\351todo de Newton}{section.2}% 6
\BOOKMARK [1][-]{section.3}{Integra\347\343o num\351rica}{}% 7
\BOOKMARK [2][-]{subsection.3.1}{Regra do trap\351zio}{section.3}% 8
\BOOKMARK [2][-]{subsection.3.2}{Regra de Simpson}{section.3}% 9
\BOOKMARK [2][-]{subsection.3.3}{Introdu\347\343o \340s quadraturas de Gauss-Legendre}{section.3}% 10
\BOOKMARK [2][-]{subsection.3.4}{Integrais duplas}{section.3}% 11
\BOOKMARK [1][-]{section.4}{Deriva\347\343o num\351rica}{}% 12
\BOOKMARK [2][-]{subsection.4.1}{A abordagem mais simples}{section.4}% 13
\BOOKMARK [2][-]{subsection.4.2}{Utilizando a Expans\343o de Taylor}{section.4}% 14
\BOOKMARK [1][-]{section.5}{\301lgebra Linear Computacional}{}% 15
\BOOKMARK [2][-]{subsection.5.1}{Defini\347\365es}{section.5}% 16
\BOOKMARK [2][-]{subsection.5.2}{Sistemas lineares}{section.5}% 17
\BOOKMARK [2][-]{subsection.5.3}{Pivoteamentos parcial e total}{section.5}% 18
\BOOKMARK [2][-]{subsection.5.4}{Decomposi\347\343o LU}{section.5}% 19
\BOOKMARK [1][-]{section.6}{Programa\347\343o Linear}{}% 20
\BOOKMARK [2][-]{subsection.6.1}{Modelagem matem\341tica}{section.6}% 21
\BOOKMARK [3][-]{subsubsection.6.1.1}{Problema da dieta}{subsection.6.1}% 22
\BOOKMARK [3][-]{subsubsection.6.1.2}{Planejamento da for\347a de trabalho}{subsection.6.1}% 23
\BOOKMARK [3][-]{subsubsection.6.1.3}{Planejamento de produ\347\343o}{subsection.6.1}% 24
\BOOKMARK [3][-]{subsubsection.6.1.4}{Problema do transporte}{subsection.6.1}% 25
\BOOKMARK [3][-]{subsubsection.6.1.5}{Emparelhamento m\341ximo}{subsection.6.1}% 26
\BOOKMARK [3][-]{subsubsection.6.1.6}{Cobertura m\355nima}{subsection.6.1}% 27
\BOOKMARK [3][-]{subsubsection.6.1.7}{Caminho de custo m\355nimo}{subsection.6.1}% 28
\BOOKMARK [3][-]{subsubsection.6.1.8}{\301rvore geradora m\355nima}{subsection.6.1}% 29
\BOOKMARK [3][-]{subsubsection.6.1.9}{Conjunto dominante m\355nimo}{subsection.6.1}% 30
\BOOKMARK [3][-]{subsubsection.6.1.10}{\301rvore dominante m\355nima}{subsection.6.1}% 31
\BOOKMARK [3][-]{subsubsection.6.1.11}{\301rvore de Steiner}{subsection.6.1}% 32
\BOOKMARK [3][-]{subsubsection.6.1.12}{Colora\347\343o de v\351rtices}{subsection.6.1}% 33
\BOOKMARK [2][-]{subsection.6.2}{Forma padr\343o de um programa linear}{section.6}% 34
\BOOKMARK [2][-]{subsection.6.3}{Resolvendo um programa linear}{section.6}% 35
\BOOKMARK [3][-]{subsubsection.6.3.1}{Defini\347\365es}{subsection.6.3}% 36
\BOOKMARK [3][-]{subsubsection.6.3.2}{O m\351todo Simplex}{subsection.6.3}% 37
\BOOKMARK [1][-]{section.7}{Programa\347\343o Inteira}{}% 38
\BOOKMARK [2][-]{subsection.7.1}{Cortes de Gomory-Chv\341tal}{section.7}% 39
\BOOKMARK [2][-]{subsection.7.2}{Relaxa\347\343o lagrangeana e dualidade}{section.7}% 40
\BOOKMARK [2][-]{subsection.7.3}{Branch and Bound}{section.7}% 41
\BOOKMARK [1][-]{section.8}{Problema de Fluxo M\341ximo}{}% 42
\BOOKMARK [2][-]{subsection.8.1}{Defini\347\343o}{section.8}% 43
\BOOKMARK [2][-]{subsection.8.2}{Propriedades}{section.8}% 44
\BOOKMARK [2][-]{subsection.8.3}{Dualidade e Ford-Fulkerson}{section.8}% 45
